********************************************************************************
*                      Thursday, June 08, 2017 8:33:14 PM                      *
********************************************************************************
CSharpCompilerWrapper.exe version: 2.0.3.30
Platform: Windows
Target assembly: Assembly-CSharp.dll
Project directory: C:\Users\Johannes.Winkler\Development\Uluru_CSP\Uluru_CSP
Target profile directory: C:\Development\Unity\Editor\Data\Mono\lib\mono\unity
Unity 'Data' or 'Frameworks' directory: C:/Development/Unity/Editor/Data
Compiler: Microsoft C# 6.0

- Compilation -----------------------------------------------

Process: C:\Users\Johannes.Winkler\Development\Uluru_CSP\Uluru_CSP\CSharp60Support\Roslyn\csc.exe
Arguments: -nostdlib+ -noconfig -nologo -r:"C:\Development\Unity\Editor\Data\Mono\lib\mono\unity\mscorlib.dll" -r:"C:\Development\Unity\Editor\Data\Mono\lib\mono\unity\System.dll" -r:"C:\Development\Unity\Editor\Data\Mono\lib\mono\unity\System.Core.dll" -r:"C:\Development\Unity\Editor\Data\Mono\lib\mono\unity\System.Xml.dll" @Temp/UnityTempFile-6225c76d8dcee5248993a68aa7a7ab9b 
Exit code: 0
Elapsed time: 1.98 sec

- Compiler output (0 lines):

- Compiler errors (14 lines):
0: Assets\Scripts\Scoreboard.cs(14,18): warning CS0649: Field 'Scoreboard.m_RoundField' is never assigned to, and will always have its default value null
1: Assets\Scripts\Game.cs(23,26): warning CS0649: Field 'Game.m_Players' is never assigned to, and will always have its default value null
2: Assets\Scripts\Game.cs(11,22): warning CS0649: Field 'Game.m_Gameplan' is never assigned to, and will always have its default value null
3: Assets\Scripts\Scoreboard.cs(16,18): warning CS0649: Field 'Scoreboard.m_RemainingTimeField' is never assigned to, and will always have its default value null
4: Assets\Scripts\DeckGenerator.cs(13,23): warning CS0649: Field 'DeckGenerator.m_DeckParentTransform' is never assigned to, and will always have its default value null
5: Assets\Scripts\DeckGenerator.cs(11,48): warning CS0649: Field 'DeckGenerator.m_RuleCardPrefabs' is never assigned to, and will always have its default value null
6: Assets\Scripts\Game.cs(13,23): warning CS0649: Field 'Game.m_Hourglass' is never assigned to, and will always have its default value null
7: Assets\Scripts\Player.cs(16,25): warning CS0649: Field 'Player.m_Tokens' is never assigned to, and will always have its default value null
8: Assets\Scripts\Scoreboard.cs(10,18): warning CS0649: Field 'Scoreboard.m_NameField' is never assigned to, and will always have its default value null
9: Assets\Scripts\Game.cs(26,24): warning CS0649: Field 'Game.m_Scoreboard' is never assigned to, and will always have its default value null
10: Assets\Scripts\Gameplan.cs(10,24): warning CS0649: Field 'Gameplan.m_Slots' is never assigned to, and will always have its default value null
11: Assets\Scripts\Gameboard.cs(8,38): warning CS0649: Field 'Gameboard.m_PositionsTokens' is never assigned to, and will always have its default value null
12: Assets\Scripts\Slot.cs(14,19): warning CS0649: Field 'Slot.m_RuleCardImage' is never assigned to, and will always have its default value null
13: Assets\Scripts\Scoreboard.cs(12,18): warning CS0649: Field 'Scoreboard.m_DrawbackField' is never assigned to, and will always have its default value null

- PDB to MDB conversion --------------------------------------

Process: C:\Users\Johannes.Winkler\Development\Uluru_CSP\Uluru_CSP\CSharp60Support\Roslyn\pdb2mdb.exe
Arguments: Temp\Assembly-CSharp.dll
Exit code: 0
Elapsed time: 0.09 sec

- pdb2mdb.exe output (0 lines):
********************************************************************************
*                      Thursday, June 08, 2017 8:33:16 PM                      *
********************************************************************************
CSharpCompilerWrapper.exe version: 2.0.3.30
Platform: Windows
Target assembly: Assembly-CSharp-Editor.dll
Project directory: C:\Users\Johannes.Winkler\Development\Uluru_CSP\Uluru_CSP
Target profile directory: C:\Development\Unity\Editor\Data\MonoBleedingEdge\lib\mono\2.0-api
Unity 'Data' or 'Frameworks' directory: C:/Development/Unity/Editor/Data
Compiler: Microsoft C# 6.0

- Compilation -----------------------------------------------

Process: C:\Users\Johannes.Winkler\Development\Uluru_CSP\Uluru_CSP\CSharp60Support\Roslyn\csc.exe
Arguments: -nostdlib+ -noconfig -nologo -r:"C:\Development\Unity\Editor\Data\MonoBleedingEdge\lib\mono\2.0-api\mscorlib.dll" -r:"C:\Development\Unity\Editor\Data\MonoBleedingEdge\lib\mono\2.0-api\System.dll" -r:"C:\Development\Unity\Editor\Data\MonoBleedingEdge\lib\mono\2.0-api\System.Core.dll" -r:"C:\Development\Unity\Editor\Data\MonoBleedingEdge\lib\mono\2.0-api\System.Xml.dll" @Temp/UnityTempFile-fe06daa271cfe93409ce7eadb6805afc 
Exit code: 0
Elapsed time: 1.67 sec

- Compiler output (0 lines):

- Compiler errors (0 lines):

- PDB to MDB conversion --------------------------------------

Process: C:\Users\Johannes.Winkler\Development\Uluru_CSP\Uluru_CSP\CSharp60Support\Roslyn\pdb2mdb.exe
Arguments: Temp\Assembly-CSharp-Editor.dll
Exit code: 0
Elapsed time: 0.07 sec

- pdb2mdb.exe output (0 lines):
********************************************************************************
*                      Thursday, June 08, 2017 8:33:34 PM                      *
********************************************************************************
CSharpCompilerWrapper.exe version: 2.0.3.30
Platform: Windows
Target assembly: Assembly-CSharp.dll
Project directory: C:\Users\Johannes.Winkler\Development\Uluru_CSP\Uluru_CSP
Target profile directory: C:\Development\Unity\Editor\Data\Mono\lib\mono\unity
Unity 'Data' or 'Frameworks' directory: C:/Development/Unity/Editor/Data
Compiler: Microsoft C# 6.0

- Compilation -----------------------------------------------

Process: C:\Users\Johannes.Winkler\Development\Uluru_CSP\Uluru_CSP\CSharp60Support\Roslyn\csc.exe
Arguments: -nostdlib+ -noconfig -nologo -r:"C:\Development\Unity\Editor\Data\Mono\lib\mono\unity\mscorlib.dll" -r:"C:\Development\Unity\Editor\Data\Mono\lib\mono\unity\System.dll" -r:"C:\Development\Unity\Editor\Data\Mono\lib\mono\unity\System.Core.dll" -r:"C:\Development\Unity\Editor\Data\Mono\lib\mono\unity\System.Xml.dll" @Temp/UnityTempFile-ac371f414e685224b9cfb4b3bdf1a92d 
Exit code: 0
Elapsed time: 1.80 sec

- Compiler output (0 lines):

- Compiler errors (14 lines):
0: Assets\Scripts\Game.cs(23,26): warning CS0649: Field 'Game.m_Players' is never assigned to, and will always have its default value null
1: Assets\Scripts\DeckGenerator.cs(11,48): warning CS0649: Field 'DeckGenerator.m_RuleCardPrefabs' is never assigned to, and will always have its default value null
2: Assets\Scripts\Scoreboard.cs(14,18): warning CS0649: Field 'Scoreboard.m_RoundField' is never assigned to, and will always have its default value null
3: Assets\Scripts\Scoreboard.cs(12,18): warning CS0649: Field 'Scoreboard.m_DrawbackField' is never assigned to, and will always have its default value null
4: Assets\Scripts\Scoreboard.cs(10,18): warning CS0649: Field 'Scoreboard.m_NameField' is never assigned to, and will always have its default value null
5: Assets\Scripts\Gameboard.cs(8,38): warning CS0649: Field 'Gameboard.m_PositionsTokens' is never assigned to, and will always have its default value null
6: Assets\Scripts\Scoreboard.cs(16,18): warning CS0649: Field 'Scoreboard.m_RemainingTimeField' is never assigned to, and will always have its default value null
7: Assets\Scripts\Slot.cs(14,19): warning CS0649: Field 'Slot.m_RuleCardImage' is never assigned to, and will always have its default value null
8: Assets\Scripts\Game.cs(26,24): warning CS0649: Field 'Game.m_Scoreboard' is never assigned to, and will always have its default value null
9: Assets\Scripts\Game.cs(13,23): warning CS0649: Field 'Game.m_Hourglass' is never assigned to, and will always have its default value null
10: Assets\Scripts\Game.cs(11,22): warning CS0649: Field 'Game.m_Gameplan' is never assigned to, and will always have its default value null
11: Assets\Scripts\DeckGenerator.cs(13,23): warning CS0649: Field 'DeckGenerator.m_DeckParentTransform' is never assigned to, and will always have its default value null
12: Assets\Scripts\Player.cs(16,25): warning CS0649: Field 'Player.m_Tokens' is never assigned to, and will always have its default value null
13: Assets\Scripts\Gameplan.cs(10,24): warning CS0649: Field 'Gameplan.m_Slots' is never assigned to, and will always have its default value null

- PDB to MDB conversion --------------------------------------

Process: C:\Users\Johannes.Winkler\Development\Uluru_CSP\Uluru_CSP\CSharp60Support\Roslyn\pdb2mdb.exe
Arguments: Temp\Assembly-CSharp.dll
Exit code: 0
Elapsed time: 0.08 sec

- pdb2mdb.exe output (0 lines):
********************************************************************************
*                      Thursday, June 08, 2017 8:33:36 PM                      *
********************************************************************************
CSharpCompilerWrapper.exe version: 2.0.3.30
Platform: Windows
Target assembly: Assembly-CSharp-Editor.dll
Project directory: C:\Users\Johannes.Winkler\Development\Uluru_CSP\Uluru_CSP
Target profile directory: C:\Development\Unity\Editor\Data\MonoBleedingEdge\lib\mono\2.0-api
Unity 'Data' or 'Frameworks' directory: C:/Development/Unity/Editor/Data
Compiler: Microsoft C# 6.0

- Compilation -----------------------------------------------

Process: C:\Users\Johannes.Winkler\Development\Uluru_CSP\Uluru_CSP\CSharp60Support\Roslyn\csc.exe
Arguments: -nostdlib+ -noconfig -nologo -r:"C:\Development\Unity\Editor\Data\MonoBleedingEdge\lib\mono\2.0-api\mscorlib.dll" -r:"C:\Development\Unity\Editor\Data\MonoBleedingEdge\lib\mono\2.0-api\System.dll" -r:"C:\Development\Unity\Editor\Data\MonoBleedingEdge\lib\mono\2.0-api\System.Core.dll" -r:"C:\Development\Unity\Editor\Data\MonoBleedingEdge\lib\mono\2.0-api\System.Xml.dll" @Temp/UnityTempFile-91c3e585179b6634abfb17de9c019046 
Exit code: 0
Elapsed time: 1.66 sec

- Compiler output (0 lines):

- Compiler errors (0 lines):

- PDB to MDB conversion --------------------------------------

Process: C:\Users\Johannes.Winkler\Development\Uluru_CSP\Uluru_CSP\CSharp60Support\Roslyn\pdb2mdb.exe
Arguments: Temp\Assembly-CSharp-Editor.dll
Exit code: 0
Elapsed time: 0.07 sec

- pdb2mdb.exe output (0 lines):
********************************************************************************
*                      Thursday, June 08, 2017 8:33:39 PM                      *
********************************************************************************
CSharpCompilerWrapper.exe version: 2.0.3.30
Platform: Windows
Target assembly: Assembly-CSharp.dll
Project directory: C:\Users\Johannes.Winkler\Development\Uluru_CSP\Uluru_CSP
Target profile directory: C:\Development\Unity\Editor\Data\Mono\lib\mono\unity
Unity 'Data' or 'Frameworks' directory: C:/Development/Unity/Editor/Data
Compiler: Microsoft C# 6.0

- Compilation -----------------------------------------------

Process: C:\Users\Johannes.Winkler\Development\Uluru_CSP\Uluru_CSP\CSharp60Support\Roslyn\csc.exe
Arguments: -nostdlib+ -noconfig -nologo -r:"C:\Development\Unity\Editor\Data\Mono\lib\mono\unity\mscorlib.dll" -r:"C:\Development\Unity\Editor\Data\Mono\lib\mono\unity\System.dll" -r:"C:\Development\Unity\Editor\Data\Mono\lib\mono\unity\System.Core.dll" -r:"C:\Development\Unity\Editor\Data\Mono\lib\mono\unity\System.Xml.dll" @Temp/UnityTempFile-e96d6309871896c4f855db1d2656e8b9 
********************************************************************************
*                      Thursday, June 08, 2017 8:33:41 PM                      *
********************************************************************************
CSharpCompilerWrapper.exe version: 2.0.3.30
Platform: Windows
Target assembly: Assembly-CSharp.dll
Project directory: C:\Users\Johannes.Winkler\Development\Uluru_CSP\Uluru_CSP
Target profile directory: C:\Development\Unity\Editor\Data\Mono\lib\mono\unity
Unity 'Data' or 'Frameworks' directory: C:/Development/Unity/Editor/Data
Compiler: Microsoft C# 6.0

- Compilation -----------------------------------------------

Process: C:\Users\Johannes.Winkler\Development\Uluru_CSP\Uluru_CSP\CSharp60Support\Roslyn\csc.exe
Arguments: -nostdlib+ -noconfig -nologo -r:"C:\Development\Unity\Editor\Data\Mono\lib\mono\unity\mscorlib.dll" -r:"C:\Development\Unity\Editor\Data\Mono\lib\mono\unity\System.dll" -r:"C:\Development\Unity\Editor\Data\Mono\lib\mono\unity\System.Core.dll" -r:"C:\Development\Unity\Editor\Data\Mono\lib\mono\unity\System.Xml.dll" @Temp/UnityTempFile-54a1c8de924303541a66c97a4bf62124 
********************************************************************************
*                      Thursday, June 08, 2017 8:33:43 PM                      *
********************************************************************************
CSharpCompilerWrapper.exe version: 2.0.3.30
Platform: Windows
Target assembly: Assembly-CSharp.dll
Project directory: C:\Users\Johannes.Winkler\Development\Uluru_CSP\Uluru_CSP
Target profile directory: C:\Development\Unity\Editor\Data\Mono\lib\mono\unity
Unity 'Data' or 'Frameworks' directory: C:/Development/Unity/Editor/Data
Compiler: Microsoft C# 6.0

- Compilation -----------------------------------------------

Process: C:\Users\Johannes.Winkler\Development\Uluru_CSP\Uluru_CSP\CSharp60Support\Roslyn\csc.exe
Arguments: -nostdlib+ -noconfig -nologo -r:"C:\Development\Unity\Editor\Data\Mono\lib\mono\unity\mscorlib.dll" -r:"C:\Development\Unity\Editor\Data\Mono\lib\mono\unity\System.dll" -r:"C:\Development\Unity\Editor\Data\Mono\lib\mono\unity\System.Core.dll" -r:"C:\Development\Unity\Editor\Data\Mono\lib\mono\unity\System.Xml.dll" @Temp/UnityTempFile-d714848fd80d0b54e9c814625ec33789 
Exit code: 0
Elapsed time: 2.02 sec

- Compiler output (0 lines):

- Compiler errors (14 lines):
0: Assets\Scripts\DeckGenerator.cs(11,48): warning CS0649: Field 'DeckGenerator.m_RuleCardPrefabs' is never assigned to, and will always have its default value null
1: Assets\Scripts\Scoreboard.cs(10,18): warning CS0649: Field 'Scoreboard.m_NameField' is never assigned to, and will always have its default value null
2: Assets\Scripts\Game.cs(11,22): warning CS0649: Field 'Game.m_Gameplan' is never assigned to, and will always have its default value null
3: Assets\Scripts\DeckGenerator.cs(13,23): warning CS0649: Field 'DeckGenerator.m_DeckParentTransform' is never assigned to, and will always have its default value null
4: Assets\Scripts\Scoreboard.cs(12,18): warning CS0649: Field 'Scoreboard.m_DrawbackField' is never assigned to, and will always have its default value null
5: Assets\Scripts\Game.cs(23,26): warning CS0649: Field 'Game.m_Players' is never assigned to, and will always have its default value null
6: Assets\Scripts\Gameboard.cs(8,38): warning CS0649: Field 'Gameboard.m_PositionsTokens' is never assigned to, and will always have its default value null
7: Assets\Scripts\Game.cs(26,24): warning CS0649: Field 'Game.m_Scoreboard' is never assigned to, and will always have its default value null
8: Assets\Scripts\Scoreboard.cs(14,18): warning CS0649: Field 'Scoreboard.m_RoundField' is never assigned to, and will always have its default value null
9: Assets\Scripts\Game.cs(13,23): warning CS0649: Field 'Game.m_Hourglass' is never assigned to, and will always have its default value null
10: Assets\Scripts\Scoreboard.cs(16,18): warning CS0649: Field 'Scoreboard.m_RemainingTimeField' is never assigned to, and will always have its default value null
11: Assets\Scripts\Gameplan.cs(10,24): warning CS0649: Field 'Gameplan.m_Slots' is never assigned to, and will always have its default value null
12: Assets\Scripts\Slot.cs(14,19): warning CS0649: Field 'Slot.m_RuleCardImage' is never assigned to, and will always have its default value null
13: Assets\Scripts\Player.cs(16,25): warning CS0649: Field 'Player.m_Tokens' is never assigned to, and will always have its default value null

- PDB to MDB conversion --------------------------------------

Process: C:\Users\Johannes.Winkler\Development\Uluru_CSP\Uluru_CSP\CSharp60Support\Roslyn\pdb2mdb.exe
Arguments: Temp\Assembly-CSharp.dll
Exit code: 0
Elapsed time: 0.09 sec

- pdb2mdb.exe output (0 lines):
********************************************************************************
*                      Thursday, June 08, 2017 8:33:47 PM                      *
********************************************************************************
CSharpCompilerWrapper.exe version: 2.0.3.30
Platform: Windows
Target assembly: Assembly-CSharp.dll
Project directory: C:\Users\Johannes.Winkler\Development\Uluru_CSP\Uluru_CSP
Target profile directory: C:\Development\Unity\Editor\Data\Mono\lib\mono\unity
Unity 'Data' or 'Frameworks' directory: C:/Development/Unity/Editor/Data
Compiler: Microsoft C# 6.0

- Compilation -----------------------------------------------

Process: C:\Users\Johannes.Winkler\Development\Uluru_CSP\Uluru_CSP\CSharp60Support\Roslyn\csc.exe
Arguments: -nostdlib+ -noconfig -nologo -r:"C:\Development\Unity\Editor\Data\Mono\lib\mono\unity\mscorlib.dll" -r:"C:\Development\Unity\Editor\Data\Mono\lib\mono\unity\System.dll" -r:"C:\Development\Unity\Editor\Data\Mono\lib\mono\unity\System.Core.dll" -r:"C:\Development\Unity\Editor\Data\Mono\lib\mono\unity\System.Xml.dll" @Temp/UnityTempFile-1dc757c34d106604da67a19d7daa0dc4 
Exit code: 0
Elapsed time: 1.83 sec

- Compiler output (0 lines):

- Compiler errors (14 lines):
0: Assets\Scripts\DeckGenerator.cs(13,23): warning CS0649: Field 'DeckGenerator.m_DeckParentTransform' is never assigned to, and will always have its default value null
1: Assets\Scripts\Game.cs(23,26): warning CS0649: Field 'Game.m_Players' is never assigned to, and will always have its default value null
2: Assets\Scripts\Slot.cs(14,19): warning CS0649: Field 'Slot.m_RuleCardImage' is never assigned to, and will always have its default value null
3: Assets\Scripts\Scoreboard.cs(14,18): warning CS0649: Field 'Scoreboard.m_RoundField' is never assigned to, and will always have its default value null
4: Assets\Scripts\Gameboard.cs(8,38): warning CS0649: Field 'Gameboard.m_PositionsTokens' is never assigned to, and will always have its default value null
5: Assets\Scripts\DeckGenerator.cs(11,48): warning CS0649: Field 'DeckGenerator.m_RuleCardPrefabs' is never assigned to, and will always have its default value null
6: Assets\Scripts\Game.cs(26,24): warning CS0649: Field 'Game.m_Scoreboard' is never assigned to, and will always have its default value null
7: Assets\Scripts\Game.cs(13,23): warning CS0649: Field 'Game.m_Hourglass' is never assigned to, and will always have its default value null
8: Assets\Scripts\Scoreboard.cs(12,18): warning CS0649: Field 'Scoreboard.m_DrawbackField' is never assigned to, and will always have its default value null
9: Assets\Scripts\Gameplan.cs(10,24): warning CS0649: Field 'Gameplan.m_Slots' is never assigned to, and will always have its default value null
10: Assets\Scripts\Game.cs(11,22): warning CS0649: Field 'Game.m_Gameplan' is never assigned to, and will always have its default value null
11: Assets\Scripts\Player.cs(16,25): warning CS0649: Field 'Player.m_Tokens' is never assigned to, and will always have its default value null
12: Assets\Scripts\Scoreboard.cs(10,18): warning CS0649: Field 'Scoreboard.m_NameField' is never assigned to, and will always have its default value null
13: Assets\Scripts\Scoreboard.cs(16,18): warning CS0649: Field 'Scoreboard.m_RemainingTimeField' is never assigned to, and will always have its default value null

- PDB to MDB conversion --------------------------------------

Process: C:\Users\Johannes.Winkler\Development\Uluru_CSP\Uluru_CSP\CSharp60Support\Roslyn\pdb2mdb.exe
Arguments: Temp\Assembly-CSharp.dll
Exit code: 0
Elapsed time: 0.08 sec

- pdb2mdb.exe output (0 lines):
********************************************************************************
*                      Thursday, June 08, 2017 8:33:49 PM                      *
********************************************************************************
CSharpCompilerWrapper.exe version: 2.0.3.30
Platform: Windows
Target assembly: Assembly-CSharp-Editor.dll
Project directory: C:\Users\Johannes.Winkler\Development\Uluru_CSP\Uluru_CSP
Target profile directory: C:\Development\Unity\Editor\Data\MonoBleedingEdge\lib\mono\2.0-api
Unity 'Data' or 'Frameworks' directory: C:/Development/Unity/Editor/Data
Compiler: Microsoft C# 6.0

- Compilation -----------------------------------------------

Process: C:\Users\Johannes.Winkler\Development\Uluru_CSP\Uluru_CSP\CSharp60Support\Roslyn\csc.exe
Arguments: -nostdlib+ -noconfig -nologo -r:"C:\Development\Unity\Editor\Data\MonoBleedingEdge\lib\mono\2.0-api\mscorlib.dll" -r:"C:\Development\Unity\Editor\Data\MonoBleedingEdge\lib\mono\2.0-api\System.dll" -r:"C:\Development\Unity\Editor\Data\MonoBleedingEdge\lib\mono\2.0-api\System.Core.dll" -r:"C:\Development\Unity\Editor\Data\MonoBleedingEdge\lib\mono\2.0-api\System.Xml.dll" @Temp/UnityTempFile-c1561220363819149b79fffae62229d0 
Exit code: 0
Elapsed time: 1.68 sec

- Compiler output (0 lines):

- Compiler errors (0 lines):

- PDB to MDB conversion --------------------------------------

Process: C:\Users\Johannes.Winkler\Development\Uluru_CSP\Uluru_CSP\CSharp60Support\Roslyn\pdb2mdb.exe
Arguments: Temp\Assembly-CSharp-Editor.dll
Exit code: 0
Elapsed time: 0.07 sec

- pdb2mdb.exe output (0 lines):
********************************************************************************
*                      Thursday, June 08, 2017 8:34:57 PM                      *
********************************************************************************
CSharpCompilerWrapper.exe version: 2.0.3.30
Platform: Windows
Target assembly: Assembly-CSharp.dll
Project directory: C:\Users\Johannes.Winkler\Development\Uluru_CSP\Uluru_CSP
Target profile directory: C:\Development\Unity\Editor\Data\Mono\lib\mono\unity
Unity 'Data' or 'Frameworks' directory: C:/Development/Unity/Editor/Data
Compiler: Microsoft C# 6.0

- Compilation -----------------------------------------------

Process: C:\Users\Johannes.Winkler\Development\Uluru_CSP\Uluru_CSP\CSharp60Support\Roslyn\csc.exe
Arguments: -nostdlib+ -noconfig -nologo -r:"C:\Development\Unity\Editor\Data\Mono\lib\mono\unity\mscorlib.dll" -r:"C:\Development\Unity\Editor\Data\Mono\lib\mono\unity\System.dll" -r:"C:\Development\Unity\Editor\Data\Mono\lib\mono\unity\System.Core.dll" -r:"C:\Development\Unity\Editor\Data\Mono\lib\mono\unity\System.Xml.dll" @Temp/UnityTempFile-382f41b047c851b4284ecc12b402172f 
Exit code: 0
Elapsed time: 0.38 sec

- Compiler output (0 lines):

- Compiler errors (14 lines):
0: Assets\Scripts\DeckGenerator.cs(11,48): warning CS0649: Field 'DeckGenerator.m_RuleCardPrefabs' is never assigned to, and will always have its default value null
1: Assets\Scripts\Scoreboard.cs(16,18): warning CS0649: Field 'Scoreboard.m_RemainingTimeField' is never assigned to, and will always have its default value null
2: Assets\Scripts\Slot.cs(14,19): warning CS0649: Field 'Slot.m_RuleCardImage' is never assigned to, and will always have its default value null
3: Assets\Scripts\Game.cs(26,24): warning CS0649: Field 'Game.m_Scoreboard' is never assigned to, and will always have its default value null
4: Assets\Scripts\Game.cs(13,23): warning CS0649: Field 'Game.m_Hourglass' is never assigned to, and will always have its default value null
5: Assets\Scripts\Gameplan.cs(10,24): warning CS0649: Field 'Gameplan.m_Slots' is never assigned to, and will always have its default value null
6: Assets\Scripts\Game.cs(23,26): warning CS0649: Field 'Game.m_Players' is never assigned to, and will always have its default value null
7: Assets\Scripts\Scoreboard.cs(12,18): warning CS0649: Field 'Scoreboard.m_DrawbackField' is never assigned to, and will always have its default value null
8: Assets\Scripts\Player.cs(16,25): warning CS0649: Field 'Player.m_Tokens' is never assigned to, and will always have its default value null
9: Assets\Scripts\Scoreboard.cs(10,18): warning CS0649: Field 'Scoreboard.m_NameField' is never assigned to, and will always have its default value null
10: Assets\Scripts\DeckGenerator.cs(13,23): warning CS0649: Field 'DeckGenerator.m_DeckParentTransform' is never assigned to, and will always have its default value null
11: Assets\Scripts\Game.cs(11,22): warning CS0649: Field 'Game.m_Gameplan' is never assigned to, and will always have its default value null
12: Assets\Scripts\Scoreboard.cs(14,18): warning CS0649: Field 'Scoreboard.m_RoundField' is never assigned to, and will always have its default value null
13: Assets\Scripts\Gameboard.cs(8,38): warning CS0649: Field 'Gameboard.m_PositionsTokens' is never assigned to, and will always have its default value null

- PDB to MDB conversion --------------------------------------

Process: C:\Users\Johannes.Winkler\Development\Uluru_CSP\Uluru_CSP\CSharp60Support\Roslyn\pdb2mdb.exe
Arguments: Temp\Assembly-CSharp.dll
Exit code: 0
Elapsed time: 0.04 sec

- pdb2mdb.exe output (0 lines):
********************************************************************************
*                      Thursday, June 08, 2017 8:34:58 PM                      *
********************************************************************************
CSharpCompilerWrapper.exe version: 2.0.3.30
Platform: Windows
Target assembly: Assembly-CSharp-Editor.dll
Project directory: C:\Users\Johannes.Winkler\Development\Uluru_CSP\Uluru_CSP
Target profile directory: C:\Development\Unity\Editor\Data\MonoBleedingEdge\lib\mono\2.0-api
Unity 'Data' or 'Frameworks' directory: C:/Development/Unity/Editor/Data
Compiler: Microsoft C# 6.0

- Compilation -----------------------------------------------

Process: C:\Users\Johannes.Winkler\Development\Uluru_CSP\Uluru_CSP\CSharp60Support\Roslyn\csc.exe
Arguments: -nostdlib+ -noconfig -nologo -r:"C:\Development\Unity\Editor\Data\MonoBleedingEdge\lib\mono\2.0-api\mscorlib.dll" -r:"C:\Development\Unity\Editor\Data\MonoBleedingEdge\lib\mono\2.0-api\System.dll" -r:"C:\Development\Unity\Editor\Data\MonoBleedingEdge\lib\mono\2.0-api\System.Core.dll" -r:"C:\Development\Unity\Editor\Data\MonoBleedingEdge\lib\mono\2.0-api\System.Xml.dll" @Temp/UnityTempFile-842b16a3755d70f46b28791bdee2dff0 
Exit code: 0
Elapsed time: 0.24 sec

- Compiler output (0 lines):

- Compiler errors (0 lines):

- PDB to MDB conversion --------------------------------------

Process: C:\Users\Johannes.Winkler\Development\Uluru_CSP\Uluru_CSP\CSharp60Support\Roslyn\pdb2mdb.exe
Arguments: Temp\Assembly-CSharp-Editor.dll
Exit code: 0
Elapsed time: 0.02 sec

- pdb2mdb.exe output (0 lines):
********************************************************************************
*                      Thursday, June 08, 2017 8:35:00 PM                      *
********************************************************************************
CSharpCompilerWrapper.exe version: 2.0.3.30
Platform: Windows
Target assembly: Assembly-CSharp.dll
Project directory: C:\Users\Johannes.Winkler\Development\Uluru_CSP\Uluru_CSP
Target profile directory: C:\Development\Unity\Editor\Data\Mono\lib\mono\unity
Unity 'Data' or 'Frameworks' directory: C:/Development/Unity/Editor/Data
Compiler: Microsoft C# 6.0

- Compilation -----------------------------------------------

Process: C:\Users\Johannes.Winkler\Development\Uluru_CSP\Uluru_CSP\CSharp60Support\Roslyn\csc.exe
Arguments: -nostdlib+ -noconfig -nologo -r:"C:\Development\Unity\Editor\Data\Mono\lib\mono\unity\mscorlib.dll" -r:"C:\Development\Unity\Editor\Data\Mono\lib\mono\unity\System.dll" -r:"C:\Development\Unity\Editor\Data\Mono\lib\mono\unity\System.Core.dll" -r:"C:\Development\Unity\Editor\Data\Mono\lib\mono\unity\System.Xml.dll" @Temp/UnityTempFile-6c1f422b53919f04f8bccf7afd21c9cd 
********************************************************************************
*                      Thursday, June 08, 2017 8:35:00 PM                      *
********************************************************************************
CSharpCompilerWrapper.exe version: 2.0.3.30
Platform: Windows
Target assembly: Assembly-CSharp.dll
Project directory: C:\Users\Johannes.Winkler\Development\Uluru_CSP\Uluru_CSP
Target profile directory: C:\Development\Unity\Editor\Data\Mono\lib\mono\unity
Unity 'Data' or 'Frameworks' directory: C:/Development/Unity/Editor/Data
Compiler: Microsoft C# 6.0

- Compilation -----------------------------------------------

********************************************************************************
*                      Thursday, June 08, 2017 8:35:00 PM                      *
********************************************************************************
CSharpCompilerWrapper.exe version: 2.0.3.30
Platform: Windows
Target assembly: Assembly-CSharp.dll
Project directory: C:\Users\Johannes.Winkler\Development\Uluru_CSP\Uluru_CSP
Target profile directory: C:\Development\Unity\Editor\Data\Mono\lib\mono\unity
Unity 'Data' or 'Frameworks' directory: C:/Development/Unity/Editor/Data
Compiler: Microsoft C# 6.0

- Compilation -----------------------------------------------

Process: C:\Users\Johannes.Winkler\Development\Uluru_CSP\Uluru_CSP\CSharp60Support\Roslyn\csc.exe
Arguments: -nostdlib+ -noconfig -nologo -r:"C:\Development\Unity\Editor\Data\Mono\lib\mono\unity\mscorlib.dll" -r:"C:\Development\Unity\Editor\Data\Mono\lib\mono\unity\System.dll" -r:"C:\Development\Unity\Editor\Data\Mono\lib\mono\unity\System.Core.dll" -r:"C:\Development\Unity\Editor\Data\Mono\lib\mono\unity\System.Xml.dll" @Temp/UnityTempFile-e0864ad9e32ad134fba3e81110c87fa5 
Exit code: 0
Elapsed time: 0.39 sec

- Compiler output (0 lines):

- Compiler errors (14 lines):
0: Assets\Scripts\Game.cs(13,23): warning CS0649: Field 'Game.m_Hourglass' is never assigned to, and will always have its default value null
1: Assets\Scripts\Game.cs(26,24): warning CS0649: Field 'Game.m_Scoreboard' is never assigned to, and will always have its default value null
2: Assets\Scripts\Scoreboard.cs(10,18): warning CS0649: Field 'Scoreboard.m_NameField' is never assigned to, and will always have its default value null
3: Assets\Scripts\Scoreboard.cs(12,18): warning CS0649: Field 'Scoreboard.m_DrawbackField' is never assigned to, and will always have its default value null
4: Assets\Scripts\Gameboard.cs(8,38): warning CS0649: Field 'Gameboard.m_PositionsTokens' is never assigned to, and will always have its default value null
5: Assets\Scripts\Player.cs(16,25): warning CS0649: Field 'Player.m_Tokens' is never assigned to, and will always have its default value null
6: Assets\Scripts\Scoreboard.cs(14,18): warning CS0649: Field 'Scoreboard.m_RoundField' is never assigned to, and will always have its default value null
7: Assets\Scripts\Game.cs(11,22): warning CS0649: Field 'Game.m_Gameplan' is never assigned to, and will always have its default value null
8: Assets\Scripts\DeckGenerator.cs(11,48): warning CS0649: Field 'DeckGenerator.m_RuleCardPrefabs' is never assigned to, and will always have its default value null
9: Assets\Scripts\Scoreboard.cs(16,18): warning CS0649: Field 'Scoreboard.m_RemainingTimeField' is never assigned to, and will always have its default value null
10: Assets\Scripts\Slot.cs(14,19): warning CS0649: Field 'Slot.m_RuleCardImage' is never assigned to, and will always have its default value null
11: Assets\Scripts\DeckGenerator.cs(13,23): warning CS0649: Field 'DeckGenerator.m_DeckParentTransform' is never assigned to, and will always have its default value null
12: Assets\Scripts\Gameplan.cs(10,24): warning CS0649: Field 'Gameplan.m_Slots' is never assigned to, and will always have its default value null
13: Assets\Scripts\Game.cs(23,26): warning CS0649: Field 'Game.m_Players' is never assigned to, and will always have its default value null

- PDB to MDB conversion --------------------------------------

Process: C:\Users\Johannes.Winkler\Development\Uluru_CSP\Uluru_CSP\CSharp60Support\Roslyn\pdb2mdb.exe
Arguments: Temp\Assembly-CSharp.dll
Exit code: 0
Elapsed time: 0.03 sec

- pdb2mdb.exe output (0 lines):
********************************************************************************
*                      Thursday, June 08, 2017 8:35:01 PM                      *
********************************************************************************
CSharpCompilerWrapper.exe version: 2.0.3.30
Platform: Windows
Target assembly: Assembly-CSharp.dll
Project directory: C:\Users\Johannes.Winkler\Development\Uluru_CSP\Uluru_CSP
Target profile directory: C:\Development\Unity\Editor\Data\Mono\lib\mono\unity
Unity 'Data' or 'Frameworks' directory: C:/Development/Unity/Editor/Data
Compiler: Microsoft C# 6.0

- Compilation -----------------------------------------------

Process: C:\Users\Johannes.Winkler\Development\Uluru_CSP\Uluru_CSP\CSharp60Support\Roslyn\csc.exe
Arguments: -nostdlib+ -noconfig -nologo -r:"C:\Development\Unity\Editor\Data\Mono\lib\mono\unity\mscorlib.dll" -r:"C:\Development\Unity\Editor\Data\Mono\lib\mono\unity\System.dll" -r:"C:\Development\Unity\Editor\Data\Mono\lib\mono\unity\System.Core.dll" -r:"C:\Development\Unity\Editor\Data\Mono\lib\mono\unity\System.Xml.dll" @Temp/UnityTempFile-4300928d3a0fc2d44b4cabd45e689d94 
Exit code: 0
Elapsed time: 0.36 sec

- Compiler output (0 lines):

- Compiler errors (14 lines):
0: Assets\Scripts\Scoreboard.cs(14,18): warning CS0649: Field 'Scoreboard.m_RoundField' is never assigned to, and will always have its default value null
1: Assets\Scripts\Gameplan.cs(10,24): warning CS0649: Field 'Gameplan.m_Slots' is never assigned to, and will always have its default value null
2: Assets\Scripts\Game.cs(23,26): warning CS0649: Field 'Game.m_Players' is never assigned to, and will always have its default value null
3: Assets\Scripts\DeckGenerator.cs(13,23): warning CS0649: Field 'DeckGenerator.m_DeckParentTransform' is never assigned to, and will always have its default value null
4: Assets\Scripts\Game.cs(26,24): warning CS0649: Field 'Game.m_Scoreboard' is never assigned to, and will always have its default value null
5: Assets\Scripts\Scoreboard.cs(10,18): warning CS0649: Field 'Scoreboard.m_NameField' is never assigned to, and will always have its default value null
6: Assets\Scripts\DeckGenerator.cs(11,48): warning CS0649: Field 'DeckGenerator.m_RuleCardPrefabs' is never assigned to, and will always have its default value null
7: Assets\Scripts\Player.cs(16,25): warning CS0649: Field 'Player.m_Tokens' is never assigned to, and will always have its default value null
8: Assets\Scripts\Gameboard.cs(8,38): warning CS0649: Field 'Gameboard.m_PositionsTokens' is never assigned to, and will always have its default value null
9: Assets\Scripts\Game.cs(13,23): warning CS0649: Field 'Game.m_Hourglass' is never assigned to, and will always have its default value null
10: Assets\Scripts\Scoreboard.cs(16,18): warning CS0649: Field 'Scoreboard.m_RemainingTimeField' is never assigned to, and will always have its default value null
11: Assets\Scripts\Slot.cs(14,19): warning CS0649: Field 'Slot.m_RuleCardImage' is never assigned to, and will always have its default value null
12: Assets\Scripts\Scoreboard.cs(12,18): warning CS0649: Field 'Scoreboard.m_DrawbackField' is never assigned to, and will always have its default value null
13: Assets\Scripts\Game.cs(11,22): warning CS0649: Field 'Game.m_Gameplan' is never assigned to, and will always have its default value null

- PDB to MDB conversion --------------------------------------

Process: C:\Users\Johannes.Winkler\Development\Uluru_CSP\Uluru_CSP\CSharp60Support\Roslyn\pdb2mdb.exe
Arguments: Temp\Assembly-CSharp.dll
Exit code: 0
Elapsed time: 0.03 sec

- pdb2mdb.exe output (0 lines):
********************************************************************************
*                      Thursday, June 08, 2017 8:35:02 PM                      *
********************************************************************************
CSharpCompilerWrapper.exe version: 2.0.3.30
Platform: Windows
Target assembly: Assembly-CSharp-Editor.dll
Project directory: C:\Users\Johannes.Winkler\Development\Uluru_CSP\Uluru_CSP
Target profile directory: C:\Development\Unity\Editor\Data\MonoBleedingEdge\lib\mono\2.0-api
Unity 'Data' or 'Frameworks' directory: C:/Development/Unity/Editor/Data
Compiler: Microsoft C# 6.0

- Compilation -----------------------------------------------

Process: C:\Users\Johannes.Winkler\Development\Uluru_CSP\Uluru_CSP\CSharp60Support\Roslyn\csc.exe
Arguments: -nostdlib+ -noconfig -nologo -r:"C:\Development\Unity\Editor\Data\MonoBleedingEdge\lib\mono\2.0-api\mscorlib.dll" -r:"C:\Development\Unity\Editor\Data\MonoBleedingEdge\lib\mono\2.0-api\System.dll" -r:"C:\Development\Unity\Editor\Data\MonoBleedingEdge\lib\mono\2.0-api\System.Core.dll" -r:"C:\Development\Unity\Editor\Data\MonoBleedingEdge\lib\mono\2.0-api\System.Xml.dll" @Temp/UnityTempFile-66034e25bfd1c3847bb87fa00e6c70b3 
Exit code: 0
Elapsed time: 0.23 sec

- Compiler output (0 lines):

- Compiler errors (0 lines):

- PDB to MDB conversion --------------------------------------

Process: C:\Users\Johannes.Winkler\Development\Uluru_CSP\Uluru_CSP\CSharp60Support\Roslyn\pdb2mdb.exe
Arguments: Temp\Assembly-CSharp-Editor.dll
Exit code: 0
Elapsed time: 0.02 sec

- pdb2mdb.exe output (0 lines):
********************************************************************************
*                      Thursday, June 08, 2017 8:36:01 PM                      *
********************************************************************************
CSharpCompilerWrapper.exe version: 2.0.3.30
Platform: Windows
Target assembly: Assembly-CSharp.dll
Project directory: C:\Users\Johannes.Winkler\Development\Uluru_CSP\Uluru_CSP
Target profile directory: C:\Development\Unity\Editor\Data\Mono\lib\mono\unity
Unity 'Data' or 'Frameworks' directory: C:/Development/Unity/Editor/Data
Compiler: Microsoft C# 6.0

- Compilation -----------------------------------------------

Process: C:\Users\Johannes.Winkler\Development\Uluru_CSP\Uluru_CSP\CSharp60Support\Roslyn\csc.exe
Arguments: -nostdlib+ -noconfig -nologo -r:"C:\Development\Unity\Editor\Data\Mono\lib\mono\unity\mscorlib.dll" -r:"C:\Development\Unity\Editor\Data\Mono\lib\mono\unity\System.dll" -r:"C:\Development\Unity\Editor\Data\Mono\lib\mono\unity\System.Core.dll" -r:"C:\Development\Unity\Editor\Data\Mono\lib\mono\unity\System.Xml.dll" @Temp/UnityTempFile-9eeb2da6bf577c3429f71ad73c65f7fe 
Exit code: 0
Elapsed time: 0.39 sec

- Compiler output (0 lines):

- Compiler errors (14 lines):
0: Assets\Scripts\Game.cs(11,22): warning CS0649: Field 'Game.m_Gameplan' is never assigned to, and will always have its default value null
1: Assets\Scripts\Slot.cs(14,19): warning CS0649: Field 'Slot.m_RuleCardImage' is never assigned to, and will always have its default value null
2: Assets\Scripts\DeckGenerator.cs(13,23): warning CS0649: Field 'DeckGenerator.m_DeckParentTransform' is never assigned to, and will always have its default value null
3: Assets\Scripts\Gameboard.cs(8,38): warning CS0649: Field 'Gameboard.m_PositionsTokens' is never assigned to, and will always have its default value null
4: Assets\Scripts\Game.cs(26,24): warning CS0649: Field 'Game.m_Scoreboard' is never assigned to, and will always have its default value null
5: Assets\Scripts\Game.cs(13,23): warning CS0649: Field 'Game.m_Hourglass' is never assigned to, and will always have its default value null
6: Assets\Scripts\Gameplan.cs(10,24): warning CS0649: Field 'Gameplan.m_Slots' is never assigned to, and will always have its default value null
7: Assets\Scripts\Scoreboard.cs(12,18): warning CS0649: Field 'Scoreboard.m_DrawbackField' is never assigned to, and will always have its default value null
8: Assets\Scripts\Scoreboard.cs(14,18): warning CS0649: Field 'Scoreboard.m_RoundField' is never assigned to, and will always have its default value null
9: Assets\Scripts\DeckGenerator.cs(11,48): warning CS0649: Field 'DeckGenerator.m_RuleCardPrefabs' is never assigned to, and will always have its default value null
10: Assets\Scripts\Scoreboard.cs(10,18): warning CS0649: Field 'Scoreboard.m_NameField' is never assigned to, and will always have its default value null
11: Assets\Scripts\Scoreboard.cs(16,18): warning CS0649: Field 'Scoreboard.m_RemainingTimeField' is never assigned to, and will always have its default value null
12: Assets\Scripts\Game.cs(23,26): warning CS0649: Field 'Game.m_Players' is never assigned to, and will always have its default value null
13: Assets\Scripts\Player.cs(16,25): warning CS0649: Field 'Player.m_Tokens' is never assigned to, and will always have its default value null

- PDB to MDB conversion --------------------------------------

Process: C:\Users\Johannes.Winkler\Development\Uluru_CSP\Uluru_CSP\CSharp60Support\Roslyn\pdb2mdb.exe
Arguments: Temp\Assembly-CSharp.dll
Exit code: 0
Elapsed time: 0.03 sec

- pdb2mdb.exe output (0 lines):
********************************************************************************
*                      Thursday, June 08, 2017 8:36:02 PM                      *
********************************************************************************
CSharpCompilerWrapper.exe version: 2.0.3.30
Platform: Windows
Target assembly: Assembly-CSharp-Editor.dll
Project directory: C:\Users\Johannes.Winkler\Development\Uluru_CSP\Uluru_CSP
Target profile directory: C:\Development\Unity\Editor\Data\MonoBleedingEdge\lib\mono\2.0-api
Unity 'Data' or 'Frameworks' directory: C:/Development/Unity/Editor/Data
Compiler: Microsoft C# 6.0

- Compilation -----------------------------------------------

Process: C:\Users\Johannes.Winkler\Development\Uluru_CSP\Uluru_CSP\CSharp60Support\Roslyn\csc.exe
Arguments: -nostdlib+ -noconfig -nologo -r:"C:\Development\Unity\Editor\Data\MonoBleedingEdge\lib\mono\2.0-api\mscorlib.dll" -r:"C:\Development\Unity\Editor\Data\MonoBleedingEdge\lib\mono\2.0-api\System.dll" -r:"C:\Development\Unity\Editor\Data\MonoBleedingEdge\lib\mono\2.0-api\System.Core.dll" -r:"C:\Development\Unity\Editor\Data\MonoBleedingEdge\lib\mono\2.0-api\System.Xml.dll" @Temp/UnityTempFile-575e422f8a3802a4fbb36ef8b8e34bb2 
Exit code: 0
Elapsed time: 0.34 sec

- Compiler output (0 lines):

- Compiler errors (0 lines):

- PDB to MDB conversion --------------------------------------

Process: C:\Users\Johannes.Winkler\Development\Uluru_CSP\Uluru_CSP\CSharp60Support\Roslyn\pdb2mdb.exe
Arguments: Temp\Assembly-CSharp-Editor.dll
Exit code: 0
Elapsed time: 0.05 sec

- pdb2mdb.exe output (0 lines):
********************************************************************************
*                      Thursday, June 08, 2017 8:40:29 PM                      *
********************************************************************************
CSharpCompilerWrapper.exe version: 2.0.3.30
Platform: Windows
Target assembly: Assembly-CSharp.dll
Project directory: C:\Users\Johannes.Winkler\Development\Uluru_CSP\Uluru_CSP
Target profile directory: C:\Development\Unity\Editor\Data\Mono\lib\mono\unity
Unity 'Data' or 'Frameworks' directory: C:/Development/Unity/Editor/Data
Compiler: Microsoft C# 6.0

- Compilation -----------------------------------------------

Process: C:\Users\Johannes.Winkler\Development\Uluru_CSP\Uluru_CSP\CSharp60Support\Roslyn\csc.exe
Arguments: -nostdlib+ -noconfig -nologo -r:"C:\Development\Unity\Editor\Data\Mono\lib\mono\unity\mscorlib.dll" -r:"C:\Development\Unity\Editor\Data\Mono\lib\mono\unity\System.dll" -r:"C:\Development\Unity\Editor\Data\Mono\lib\mono\unity\System.Core.dll" -r:"C:\Development\Unity\Editor\Data\Mono\lib\mono\unity\System.Xml.dll" @Temp/UnityTempFile-2247a345c1d56d3429f500803dc3853d 
Exit code: 0
Elapsed time: 0.40 sec

- Compiler output (0 lines):

- Compiler errors (14 lines):
0: Assets\Scripts\Scoreboard.cs(12,18): warning CS0649: Field 'Scoreboard.m_DrawbackField' is never assigned to, and will always have its default value null
1: Assets\Scripts\Scoreboard.cs(10,18): warning CS0649: Field 'Scoreboard.m_NameField' is never assigned to, and will always have its default value null
2: Assets\Scripts\Scoreboard.cs(16,18): warning CS0649: Field 'Scoreboard.m_RemainingTimeField' is never assigned to, and will always have its default value null
3: Assets\Scripts\Game.cs(11,22): warning CS0649: Field 'Game.m_Gameplan' is never assigned to, and will always have its default value null
4: Assets\Scripts\Slot.cs(14,19): warning CS0649: Field 'Slot.m_RuleCardImage' is never assigned to, and will always have its default value null
5: Assets\Scripts\Player.cs(16,25): warning CS0649: Field 'Player.m_Tokens' is never assigned to, and will always have its default value null
6: Assets\Scripts\Gameboard.cs(8,38): warning CS0649: Field 'Gameboard.m_PositionsTokens' is never assigned to, and will always have its default value null
7: Assets\Scripts\Gameplan.cs(10,24): warning CS0649: Field 'Gameplan.m_Slots' is never assigned to, and will always have its default value null
8: Assets\Scripts\Scoreboard.cs(14,18): warning CS0649: Field 'Scoreboard.m_RoundField' is never assigned to, and will always have its default value null
9: Assets\Scripts\Game.cs(26,24): warning CS0649: Field 'Game.m_Scoreboard' is never assigned to, and will always have its default value null
10: Assets\Scripts\DeckGenerator.cs(13,23): warning CS0649: Field 'DeckGenerator.m_DeckParentTransform' is never assigned to, and will always have its default value null
11: Assets\Scripts\Game.cs(23,26): warning CS0649: Field 'Game.m_Players' is never assigned to, and will always have its default value null
12: Assets\Scripts\Game.cs(13,23): warning CS0649: Field 'Game.m_Hourglass' is never assigned to, and will always have its default value null
13: Assets\Scripts\DeckGenerator.cs(11,48): warning CS0649: Field 'DeckGenerator.m_RuleCardPrefabs' is never assigned to, and will always have its default value null

- PDB to MDB conversion --------------------------------------

Process: C:\Users\Johannes.Winkler\Development\Uluru_CSP\Uluru_CSP\CSharp60Support\Roslyn\pdb2mdb.exe
Arguments: Temp\Assembly-CSharp.dll
Exit code: 0
Elapsed time: 0.03 sec

- pdb2mdb.exe output (0 lines):
********************************************************************************
*                      Thursday, June 08, 2017 8:40:30 PM                      *
********************************************************************************
CSharpCompilerWrapper.exe version: 2.0.3.30
Platform: Windows
Target assembly: Assembly-CSharp-Editor.dll
Project directory: C:\Users\Johannes.Winkler\Development\Uluru_CSP\Uluru_CSP
Target profile directory: C:\Development\Unity\Editor\Data\MonoBleedingEdge\lib\mono\2.0-api
Unity 'Data' or 'Frameworks' directory: C:/Development/Unity/Editor/Data
Compiler: Microsoft C# 6.0

- Compilation -----------------------------------------------

Process: C:\Users\Johannes.Winkler\Development\Uluru_CSP\Uluru_CSP\CSharp60Support\Roslyn\csc.exe
Arguments: -nostdlib+ -noconfig -nologo -r:"C:\Development\Unity\Editor\Data\MonoBleedingEdge\lib\mono\2.0-api\mscorlib.dll" -r:"C:\Development\Unity\Editor\Data\MonoBleedingEdge\lib\mono\2.0-api\System.dll" -r:"C:\Development\Unity\Editor\Data\MonoBleedingEdge\lib\mono\2.0-api\System.Core.dll" -r:"C:\Development\Unity\Editor\Data\MonoBleedingEdge\lib\mono\2.0-api\System.Xml.dll" @Temp/UnityTempFile-f6cfd613d2685684f9c1e50683917529 
Exit code: 0
Elapsed time: 0.30 sec

- Compiler output (0 lines):

- Compiler errors (0 lines):

- PDB to MDB conversion --------------------------------------

Process: C:\Users\Johannes.Winkler\Development\Uluru_CSP\Uluru_CSP\CSharp60Support\Roslyn\pdb2mdb.exe
Arguments: Temp\Assembly-CSharp-Editor.dll
Exit code: 0
Elapsed time: 0.03 sec

- pdb2mdb.exe output (0 lines):
